<?xml version="1.0" encoding="UTF-8"?>
<testng-results ignored="0" total="3" passed="2" failed="1" skipped="0">
  <reporter-output>
    <line>
      <![CDATA[Browser is launched]]>
    </line>
  </reporter-output>
  <suite started-at="2024-07-24T11:11:18 IST" name="Suite" finished-at="2024-07-24T11:12:56 IST" duration-ms="98376">
    <groups>
      <group name="SmokeTest">
        <method signature="ContactModuleTest.createContactTest()[pri:0, instance:com.comcast.crm.contact.ContactModuleTest@36bc55de]" name="createContactTest" class="com.comcast.crm.contact.ContactModuleTest"/>
      </group> <!-- SmokeTest -->
      <group name="RegressionTest">
        <method signature="ContactModuleTest.createContactWithOrgTest()[pri:0, instance:com.comcast.crm.contact.ContactModuleTest@36bc55de]" name="createContactWithOrgTest" class="com.comcast.crm.contact.ContactModuleTest"/>
        <method signature="ContactModuleTest.createContactWithSupportDateTest()[pri:0, instance:com.comcast.crm.contact.ContactModuleTest@36bc55de]" name="createContactWithSupportDateTest" class="com.comcast.crm.contact.ContactModuleTest"/>
      </group> <!-- RegressionTest -->
    </groups>
    <test started-at="2024-07-24T11:11:18 IST" name="Test" finished-at="2024-07-24T11:12:56 IST" duration-ms="98376">
      <class name="com.comcast.crm.contact.ContactModuleTest">
        <test-method is-config="true" signature="configBS()[pri:0, instance:com.comcast.crm.contact.ContactModuleTest@36bc55de]" started-at="2024-07-24T11:11:17 IST" name="configBS" finished-at="2024-07-24T11:11:18 IST" duration-ms="330" status="PASS">
          <reporter-output>
          </reporter-output>
        </test-method> <!-- configBS -->
        <test-method is-config="true" signature="configBC()[pri:0, instance:com.comcast.crm.contact.ContactModuleTest@36bc55de]" started-at="2024-07-24T11:11:18 IST" name="configBC" finished-at="2024-07-24T11:11:22 IST" duration-ms="3894" status="PASS">
          <reporter-output>
            <line>
              <![CDATA[Browser is launched]]>
            </line>
          </reporter-output>
        </test-method> <!-- configBC -->
        <test-method is-config="true" signature="configBM()[pri:0, instance:com.comcast.crm.contact.ContactModuleTest@36bc55de]" started-at="2024-07-24T11:11:22 IST" name="configBM" finished-at="2024-07-24T11:11:27 IST" duration-ms="5238" status="PASS">
          <reporter-output>
          </reporter-output>
        </test-method> <!-- configBM -->
        <test-method signature="createContactTest()[pri:0, instance:com.comcast.crm.contact.ContactModuleTest@36bc55de]" started-at="2024-07-24T11:11:27 IST" name="createContactTest" finished-at="2024-07-24T11:11:44 IST" duration-ms="16742" status="PASS">
          <reporter-output>
          </reporter-output>
        </test-method> <!-- createContactTest -->
        <test-method is-config="true" signature="configAM()[pri:0, instance:com.comcast.crm.contact.ContactModuleTest@36bc55de]" started-at="2024-07-24T11:11:44 IST" name="configAM" finished-at="2024-07-24T11:11:46 IST" duration-ms="2233" status="PASS">
          <reporter-output>
          </reporter-output>
        </test-method> <!-- configAM -->
        <test-method is-config="true" signature="configBM()[pri:0, instance:com.comcast.crm.contact.ContactModuleTest@36bc55de]" started-at="2024-07-24T11:11:46 IST" name="configBM" finished-at="2024-07-24T11:11:51 IST" duration-ms="5615" status="PASS">
          <reporter-output>
          </reporter-output>
        </test-method> <!-- configBM -->
        <test-method signature="createContactWithOrgTest()[pri:0, instance:com.comcast.crm.contact.ContactModuleTest@36bc55de]" started-at="2024-07-24T11:11:51 IST" name="createContactWithOrgTest" finished-at="2024-07-24T11:12:26 IST" duration-ms="34231" status="PASS">
          <reporter-output>
          </reporter-output>
        </test-method> <!-- createContactWithOrgTest -->
        <test-method is-config="true" signature="configAM()[pri:0, instance:com.comcast.crm.contact.ContactModuleTest@36bc55de]" started-at="2024-07-24T11:12:26 IST" name="configAM" finished-at="2024-07-24T11:12:29 IST" duration-ms="3022" status="PASS">
          <reporter-output>
          </reporter-output>
        </test-method> <!-- configAM -->
        <test-method is-config="true" signature="configBM()[pri:0, instance:com.comcast.crm.contact.ContactModuleTest@36bc55de]" started-at="2024-07-24T11:12:29 IST" name="configBM" finished-at="2024-07-24T11:12:34 IST" duration-ms="5368" status="PASS">
          <reporter-output>
          </reporter-output>
        </test-method> <!-- configBM -->
        <test-method signature="createContactWithSupportDateTest()[pri:0, instance:com.comcast.crm.contact.ContactModuleTest@36bc55de]" started-at="2024-07-24T11:12:34 IST" name="createContactWithSupportDateTest" finished-at="2024-07-24T11:12:52 IST" duration-ms="17505" status="FAIL">
          <exception class="java.lang.AssertionError">
            <message>
              <![CDATA[expected [false] but found [true]]]>
            </message>
            <full-stacktrace>
              <![CDATA[java.lang.AssertionError: expected [false] but found [true]
at org.testng.Assert.fail(Assert.java:99)
at org.testng.Assert.failNotEquals(Assert.java:1037)
at org.testng.Assert.assertEqualsImpl(Assert.java:140)
at org.testng.Assert.assertEquals(Assert.java:122)
at org.testng.Assert.assertEquals(Assert.java:819)
at org.testng.Assert.assertEquals(Assert.java:829)
at com.comcast.crm.contact.ContactModuleTest.createContactWithSupportDateTest(ContactModuleTest.java:102)
at java.base/jdk.internal.reflect.NativeMethodAccessorImpl.invoke0(Native Method)
at java.base/jdk.internal.reflect.NativeMethodAccessorImpl.invoke(NativeMethodAccessorImpl.java:77)
at java.base/jdk.internal.reflect.DelegatingMethodAccessorImpl.invoke(DelegatingMethodAccessorImpl.java:43)
at java.base/java.lang.reflect.Method.invoke(Method.java:568)
at org.testng.internal.MethodInvocationHelper.invokeMethod(MethodInvocationHelper.java:133)
at org.testng.internal.TestInvoker.invokeMethod(TestInvoker.java:598)
at org.testng.internal.TestInvoker.invokeTestMethod(TestInvoker.java:173)
at org.testng.internal.MethodRunner.runInSequence(MethodRunner.java:46)
at org.testng.internal.TestInvoker$MethodInvocationAgent.invoke(TestInvoker.java:824)
at org.testng.internal.TestInvoker.invokeTestMethods(TestInvoker.java:146)
at org.testng.internal.TestMethodWorker.invokeTestMethods(TestMethodWorker.java:146)
at org.testng.internal.TestMethodWorker.run(TestMethodWorker.java:128)
at java.base/java.util.ArrayList.forEach(ArrayList.java:1511)
at org.testng.TestRunner.privateRun(TestRunner.java:794)
at org.testng.TestRunner.run(TestRunner.java:596)
at org.testng.SuiteRunner.runTest(SuiteRunner.java:377)
at org.testng.SuiteRunner.runSequentially(SuiteRunner.java:371)
at org.testng.SuiteRunner.privateRun(SuiteRunner.java:332)
at org.testng.SuiteRunner.run(SuiteRunner.java:276)
at org.testng.SuiteRunnerWorker.runSuite(SuiteRunnerWorker.java:53)
at org.testng.SuiteRunnerWorker.run(SuiteRunnerWorker.java:96)
at org.testng.TestNG.runSuitesSequentially(TestNG.java:1212)
at org.testng.TestNG.runSuitesLocally(TestNG.java:1134)
at org.testng.TestNG.runSuites(TestNG.java:1063)
at org.testng.TestNG.run(TestNG.java:1031)
at org.testng.remote.AbstractRemoteTestNG.run(AbstractRemoteTestNG.java:115)
at org.testng.remote.RemoteTestNG.initAndRun(RemoteTestNG.java:251)
at org.testng.remote.RemoteTestNG.main(RemoteTestNG.java:77)
]]>
            </full-stacktrace>
          </exception> <!-- java.lang.AssertionError -->
          <reporter-output>
          </reporter-output>
        </test-method> <!-- createContactWithSupportDateTest -->
        <test-method is-config="true" signature="configAM()[pri:0, instance:com.comcast.crm.contact.ContactModuleTest@36bc55de]" started-at="2024-07-24T11:12:52 IST" name="configAM" finished-at="2024-07-24T11:12:56 IST" duration-ms="3635" status="PASS">
          <reporter-output>
          </reporter-output>
        </test-method> <!-- configAM -->
        <test-method is-config="true" signature="configAC()[pri:0, instance:com.comcast.crm.contact.ContactModuleTest@36bc55de]" started-at="2024-07-24T11:12:56 IST" name="configAC" finished-at="2024-07-24T11:12:56 IST" duration-ms="547" status="PASS">
          <reporter-output>
          </reporter-output>
        </test-method> <!-- configAC -->
        <test-method is-config="true" signature="configAS()[pri:0, instance:com.comcast.crm.contact.ContactModuleTest@36bc55de]" started-at="2024-07-24T11:12:56 IST" name="configAS" finished-at="2024-07-24T11:12:56 IST" duration-ms="1" status="PASS">
          <reporter-output>
          </reporter-output>
        </test-method> <!-- configAS -->
      </class> <!-- com.comcast.crm.contact.ContactModuleTest -->
    </test> <!-- Test -->
  </suite> <!-- Suite -->
</testng-results>
